C51 COMPILER V9.60.0.0   KEYBROAD                                                          12/25/2020 07:33:43 PAGE 1   


C51 COMPILER V9.60.0.0, COMPILATION OF MODULE KEYBROAD
OBJECT MODULE PLACED IN .\Objects\keybroad.obj
COMPILER INVOKED BY: C:\Keil_v5\C51\BIN\C51.EXE keybroad.c OPTIMIZE(8,SPEED) BROWSE DEBUG OBJECTEXTEND PRINT(.\Listings\
                    -keybroad.lst) TABS(2) OBJECT(.\Objects\keybroad.obj)

line level    source

   1          #include<reg52.h>
   2          
   3          #ifndef _KEY
   4          #define _KEY
   5          #endif


MODULE INFORMATION:   STATIC OVERLAYABLE
   CODE SIZE        =   ----    ----
   CONSTANT SIZE    =   ----    ----
   XDATA SIZE       =   ----    ----
   PDATA SIZE       =   ----    ----
   DATA SIZE        =   ----    ----
   IDATA SIZE       =   ----    ----
   BIT SIZE         =   ----    ----
END OF MODULE INFORMATION.


C51 COMPILATION COMPLETE.  0 WARNING(S),  0 ERROR(S)
