C51 COMPILER V9.60.0.0   LCD12864                                                          12/28/2020 08:57:04 PAGE 1   


C51 COMPILER V9.60.0.0, COMPILATION OF MODULE LCD12864
OBJECT MODULE PLACED IN .\Objects\lcd12864.obj
COMPILER INVOKED BY: C:\Keil_v5\C51\BIN\C51.EXE lcd12864.c OPTIMIZE(8,SPEED) BROWSE DEBUG OBJECTEXTEND PRINT(.\Listings\
                    -lcd12864.lst) TABS(2) OBJECT(.\Objects\lcd12864.obj)

line level    source

   1          #include"lcd12864.h"
   2          void delay(uint i)
   3          {
   4   1        while(i--);
   5   1      }
   6          
   7          void lcd_order_write(uchar choice,uchar dat)
   8          {
   9   1        rs=choice;//选择是写命令还是数据
  10   1        rw=0;//保持写状态
  11   1        Data=dat;
  12   1        delay(1);
  13   1        en=1;
  14   1        delay(1);
  15   1        en=0;
  16   1      }
  17          
  18          void lcd_cls()//清屏
  19          {
  20   1        uchar i,j;
  21   1        csa=csb=1;//同时开启两块屏幕，同时操作
  22   1        for(i=0;i<8;i++)//总共八页
  23   1        {
  24   2          lcd_order_write(0,0xb8+i);//当前页
  25   2          lcd_order_write(0,0x40);//当前页首
  26   2          for(j=0;j<64;j++)
  27   2          {
  28   3            lcd_order_write(1,0);//写0清屏
  29   3          }
  30   2        }
  31   1      }
  32          
  33          void init_lcd()
  34          {
  35   1        lcd_order_write(0,0xb8);//显示首列地址
  36   1        lcd_order_write(0,0x40);//起始列地址
  37   1        lcd_order_write(0,0xc0);//起始行地址
  38   1        lcd_order_write(0,0x3f);//开显示
  39   1        lcd_cls();
  40   1      }
  41          
  42          //显示函数
  43          void lcd_display(uchar row,uchar col,uchar height,uchar weight,uchar * ss)
  44          {
  45   1        uchar nowh,noww;
  46   1        for(nowh=0;nowh<height;nowh++)
  47   1        {
  48   2          for(noww=0;noww<weight;noww++)
  49   2          {
  50   3            if(col+noww<64)
  51   3            {
  52   4              csa=1;csb=0;
  53   4              lcd_order_write(0,0xb8+nowh+row);
  54   4              lcd_order_write(0,0x40+col+noww);
C51 COMPILER V9.60.0.0   LCD12864                                                          12/28/2020 08:57:04 PAGE 2   

  55   4              lcd_order_write(1,ss[nowh*weight+noww]);
  56   4            }
  57   3            else if(col+noww>=64)
  58   3            {
  59   4              csa=0;csb=1;
  60   4              lcd_order_write(0,0xb8+nowh+row);
  61   4              lcd_order_write(0,0x40+col+noww-64);
  62   4              lcd_order_write(1,ss[nowh*weight+noww]);
  63   4            }
  64   3          }
  65   2        }
  66   1      }
  67          


MODULE INFORMATION:   STATIC OVERLAYABLE
   CODE SIZE        =    271    ----
   CONSTANT SIZE    =   ----    ----
   XDATA SIZE       =   ----    ----
   PDATA SIZE       =   ----    ----
   DATA SIZE        =   ----       9
   IDATA SIZE       =   ----    ----
   BIT SIZE         =   ----    ----
END OF MODULE INFORMATION.


C51 COMPILATION COMPLETE.  0 WARNING(S),  0 ERROR(S)
